▲ Next.js 16.1.6 (Turbopack)
- Environments: .env

  Creating an optimized production build ...
✓ Compiled successfully in 3.2s
  Running TypeScript ...
  Collecting page data using 5 workers ...
  Generating static pages using 5 workers (0/10) ...
  Generating static pages using 5 workers (2/10) 
  Generating static pages using 5 workers (4/10) 
  Generating static pages using 5 workers (7/10) 
⚠ The "middleware" file convention is deprecated. Please use "proxy" instead. Learn more: https://nextjs.org/docs/messages/middleware-to-proxy
Error occurred prerendering page "/". Read more: https://nextjs.org/docs/messages/prerender-error
ReferenceError: Cannot access 'k' before initialization
    at <unknown> (C:\Users\ahmet\Desktop\OptWin\.next\server\chunks\ssr\src_components_4866df9f._.js:7:1440)
    at Array.map (<anonymous>)
    at h (C:\Users\ahmet\Desktop\OptWin\.next\server\chunks\ssr\src_components_4866df9f._.js:7:612) {
  digest: '4286911973'
}
Export encountered an error on /page: /, exiting the build.
⨯ Next.js build worker exited with code: 1 and signal: null
